<?xml version="1.0" encoding="UTF-8"?>
<testsuite xmlns:xsi="http://www.w3.org/2001/XMLSchema-instance" xsi:noNamespaceSchemaLocation="https://maven.apache.org/surefire/maven-surefire-plugin/xsd/surefire-test-report.xsd" version="3.0.1" name="runners.TestRunner" time="206.342" tests="5" errors="0" skipped="0" failures="1">
  <properties>
[...]
</properties>
  <testcase name="runScenario[&quot;Verify login page title&quot;, &quot;Login Test&quot;](1)" classname="runners.TestRunner" time="66.8">
    <failure message="Cannot invoke &quot;org.openqa.selenium.WebDriver.get(String)&quot; because &quot;this.driver&quot; is null" type="java.lang.NullPointerException"><![CDATA[java.lang.NullPointerException: Cannot invoke "org.openqa.selenium.WebDriver.get(String)" because "this.driver" is null
	at stepDefinitions.LoginSteps.navigateTo(LoginSteps.java:20)
	at ✽.user navigates to "https://example.com"(file:///C:/Users/RAUNAK/Downloads/Capgemini%20Java/MCP/Extent_report/demo/src/test/resources/features/login.feature:5)
]]></failure>
    <system-out><![CDATA[
Scenario: Verify login page title              &amp#27;[90m# src/test/resources/features/login.feature:3&amp#27;[0m
  &amp#27;[32mGiven &amp#27;[0m&amp#27;[32muser opens the browser&amp#27;[0m                 &amp#27;[90m# stepDefinitions.LoginSteps.openBrowser()&amp#27;[0m
  &amp#27;[31mWhen &amp#27;[0m&amp#27;[31muser navigates to &amp#27;[0m&amp#27;[31m&amp#27;[1m"https://example.com"&amp#27;[0m &amp#27;[90m# stepDefinitions.LoginSteps.navigateTo(java.lang.String)&amp#27;[0m
      &amp#27;[31mjava.lang.NullPointerException: Cannot invoke "org.openqa.selenium.WebDriver.get(String)" because "this.driver" is null
	at stepDefinitions.LoginSteps.navigateTo(LoginSteps.java:20)
	at ✽.user navigates to "https://example.com"(file:///C:/Users/RAUNAK/Downloads/Capgemini%20Java/MCP/Extent_report/demo/src/test/resources/features/login.feature:5)
&amp#27;[0m
  &amp#27;[36mThen &amp#27;[0m&amp#27;[36mpage title should contain &amp#27;[0m&amp#27;[36m&amp#27;[1m"Example"&amp#27;[0m     &amp#27;[90m# stepDefinitions.LoginSteps.validateTitle(java.lang.String)&amp#27;[0m
      &amp#27;[31mjava.lang.NullPointerException: Cannot invoke "org.openqa.selenium.WebDriver.quit()" because the return value of "utils.DriverFactory.getDriver()" is null
	at utils.DriverFactory.quitDriver(DriverFactory.java:31)
	at hooks.Hooks.tearDown(Hooks.java:22)
&amp#27;[0m
]]></system-out>
    <system-err><![CDATA[SLF4J: Failed to load class "org.slf4j.impl.StaticLoggerBinder".
SLF4J: Defaulting to no-operation (NOP) logger implementation
SLF4J: See http://www.slf4j.org/codes.html#StaticLoggerBinder for further details.
Apr 06, 2026 2:45:50 PM org.openqa.selenium.remote.tracing.opentelemetry.OpenTelemetryTracer createTracer
INFO: Using OpenTelemetry for tracing
org.openqa.selenium.SessionNotCreatedException: Could not start a new session. Response code 500. Message: Could not start a new session. Failed to execute request (POST http://172.31.0.154:5555/se/grid/node/session) 
Host info: host: 'VINOD', ip: '172.31.26.236'
Build info: version: '4.41.0', revision: '9fc754f90a'
System info: os.name: 'Windows 10', os.arch: 'amd64', os.version: '10.0', java.version: '21.0.10'
Driver info: driver.version: unknown
Build info: version: '4.18.1', revision: 'b1d3319b48'
System info: os.name: 'Windows 11', os.arch: 'amd64', os.version: '10.0', java.version: '21.0.3'
Driver info: org.openqa.selenium.remote.RemoteWebDriver
Command: [null, newSession {capabilities=[Capabilities {browserName: chrome, goog:chromeOptions: {args: [], extensions: []}}]}]
Capabilities {browserName: chrome, goog:chromeOptions: {args: [], extensions: []}}
	at org.openqa.selenium.remote.ProtocolHandshake.createSession(ProtocolHandshake.java:139)
	at org.openqa.selenium.remote.ProtocolHandshake.createSession(ProtocolHandshake.java:95)
	at org.openqa.selenium.remote.ProtocolHandshake.createSession(ProtocolHandshake.java:67)
	at org.openqa.selenium.remote.HttpCommandExecutor.execute(HttpCommandExecutor.java:162)
	at org.openqa.selenium.remote.TracedCommandExecutor.execute(TracedCommandExecutor.java:51)
	at org.openqa.selenium.remote.RemoteWebDriver.execute(RemoteWebDriver.java:519)
	at org.openqa.selenium.remote.RemoteWebDriver.startSession(RemoteWebDriver.java:233)
	at org.openqa.selenium.remote.RemoteWebDriver.<init>(RemoteWebDriver.java:162)
	at org.openqa.selenium.remote.RemoteWebDriver.<init>(RemoteWebDriver.java:142)
	at utils.DriverFactory.initDriver(DriverFactory.java:16)
	at hooks.Hooks.setup(Hooks.java:17)
	at java.base/jdk.internal.reflect.DirectMethodHandleAccessor.invoke(DirectMethodHandleAccessor.java:103)
	at java.base/java.lang.reflect.Method.invoke(Method.java:580)
	at io.cucumber.java.Invoker.doInvoke(Invoker.java:66)
	at io.cucumber.java.Invoker.invoke(Invoker.java:24)
	at io.cucumber.java.AbstractGlueDefinition.invokeMethod(AbstractGlueDefinition.java:47)
	at io.cucumber.java.JavaHookDefinition.execute(JavaHookDefinition.java:64)
	at io.cucumber.core.runner.CoreHookDefinition.execute(CoreHookDefinition.java:46)
	at io.cucumber.core.runner.HookDefinitionMatch.runStep(HookDefinitionMatch.java:21)
	at io.cucumber.core.runner.ExecutionMode$1.execute(ExecutionMode.java:10)
	at io.cucumber.core.runner.TestStep.executeStep(TestStep.java:84)
	at io.cucumber.core.runner.TestStep.run(TestStep.java:56)
	at io.cucumber.core.runner.TestCase.run(TestCase.java:78)
	at io.cucumber.core.runner.Runner.runPickle(Runner.java:75)
	at io.cucumber.testng.TestNGCucumberRunner.lambda$runScenario$1(TestNGCucumberRunner.java:132)
	at io.cucumber.core.runtime.CucumberExecutionContext.lambda$runTestCase$5(CucumberExecutionContext.java:137)
	at io.cucumber.core.runtime.RethrowingThrowableCollector.executeAndThrow(RethrowingThrowableCollector.java:23)
	at io.cucumber.core.runtime.CucumberExecutionContext.runTestCase(CucumberExecutionContext.java:137)
	at io.cucumber.testng.TestNGCucumberRunner.runScenario(TestNGCucumberRunner.java:129)
	at io.cucumber.testng.AbstractTestNGCucumberTests.runScenario(AbstractTestNGCucumberTests.java:35)
	at java.base/jdk.internal.reflect.DirectMethodHandleAccessor.invoke(DirectMethodHandleAccessor.java:103)
	at java.base/java.lang.reflect.Method.invoke(Method.java:580)
	at org.testng.internal.invokers.MethodInvocationHelper.invokeMethod(MethodInvocationHelper.java:141)
	at org.testng.internal.invokers.TestInvoker.invokeMethod(TestInvoker.java:686)
	at org.testng.internal.invokers.TestInvoker.invokeTestMethod(TestInvoker.java:230)
	at org.testng.internal.invokers.MethodRunner.runInSequence(MethodRunner.java:63)
	at org.testng.internal.invokers.TestInvoker$MethodInvocationAgent.invoke(TestInvoker.java:992)
	at org.testng.internal.invokers.TestInvoker.invokeTestMethods(TestInvoker.java:203)
	at org.testng.internal.invokers.TestMethodWorker.invokeTestMethods(TestMethodWorker.java:154)
	at org.testng.internal.invokers.TestMethodWorker.run(TestMethodWorker.java:134)
	at java.base/java.util.ArrayList.forEach(ArrayList.java:1596)
	at org.testng.TestRunner.privateRun(TestRunner.java:739)
	at org.testng.TestRunner.run(TestRunner.java:614)
	at org.testng.SuiteRunner.runTest(SuiteRunner.java:421)
	at org.testng.SuiteRunner.runSequentially(SuiteRunner.java:413)
	at org.testng.SuiteRunner.privateRun(SuiteRunner.java:373)
	at org.testng.SuiteRunner.run(SuiteRunner.java:312)
	at org.testng.SuiteRunnerWorker.runSuite(SuiteRunnerWorker.java:52)
	at org.testng.SuiteRunnerWorker.run(SuiteRunnerWorker.java:95)
	at org.testng.TestNG.runSuitesSequentially(TestNG.java:1274)
	at org.testng.TestNG.runSuitesLocally(TestNG.java:1208)
	at org.testng.TestNG.runSuites(TestNG.java:1112)
	at org.testng.TestNG.run(TestNG.java:1079)
	at org.apache.maven.surefire.testng.TestNGExecutor.run(TestNGExecutor.java:155)
	at org.apache.maven.surefire.testng.TestNGDirectoryTestSuite.executeSingleClass(TestNGDirectoryTestSuite.java:102)
	at org.apache.maven.surefire.testng.TestNGDirectoryTestSuite.execute(TestNGDirectoryTestSuite.java:91)
	at org.apache.maven.surefire.testng.TestNGProvider.invoke(TestNGProvider.java:137)
	at org.apache.maven.surefire.booter.ForkedBooter.runSuitesInProcess(ForkedBooter.java:385)
	at org.apache.maven.surefire.booter.ForkedBooter.execute(ForkedBooter.java:162)
	at org.apache.maven.surefire.booter.ForkedBooter.run(ForkedBooter.java:507)
	at org.apache.maven.surefire.booter.ForkedBooter.main(ForkedBooter.java:495)
]]></system-err>
  </testcase>
  <testcase name="runScenario[&quot;Verify login page title&quot;, &quot;Login Test&quot;](2)" classname="runners.TestRunner" time="10.196">
    <system-out><![CDATA[
Scenario: Verify login page title              &amp#27;[90m# src/test/resources/features/login.feature:8&amp#27;[0m
  &amp#27;[32mGiven &amp#27;[0m&amp#27;[32muser opens the browser&amp#27;[0m                 &amp#27;[90m# stepDefinitions.LoginSteps.openBrowser()&amp#27;[0m
  &amp#27;[32mWhen &amp#27;[0m&amp#27;[32muser navigates to &amp#27;[0m&amp#27;[32m&amp#27;[1m"https://example.com"&amp#27;[0m &amp#27;[90m# stepDefinitions.LoginSteps.navigateTo(java.lang.String)&amp#27;[0m
  &amp#27;[32mThen &amp#27;[0m&amp#27;[32mpage title should contain &amp#27;[0m&amp#27;[32m&amp#27;[1m"Example"&amp#27;[0m     &amp#27;[90m# stepDefinitions.LoginSteps.validateTitle(java.lang.String)&amp#27;[0m
]]></system-out>
  </testcase>
  <testcase name="runScenario[&quot;Verify login page title&quot;, &quot;Login Test&quot;](3)" classname="runners.TestRunner" time="2.072">
    <system-out><![CDATA[
Scenario: Verify login page title              &amp#27;[90m# src/test/resources/features/login.feature:13&amp#27;[0m
  &amp#27;[32mGiven &amp#27;[0m&amp#27;[32muser opens the browser&amp#27;[0m                 &amp#27;[90m# stepDefinitions.LoginSteps.openBrowser()&amp#27;[0m
  &amp#27;[32mWhen &amp#27;[0m&amp#27;[32muser navigates to &amp#27;[0m&amp#27;[32m&amp#27;[1m"https://example.com"&amp#27;[0m &amp#27;[90m# stepDefinitions.LoginSteps.navigateTo(java.lang.String)&amp#27;[0m
  &amp#27;[32mThen &amp#27;[0m&amp#27;[32mpage title should contain &amp#27;[0m&amp#27;[32m&amp#27;[1m"Example"&amp#27;[0m     &amp#27;[90m# stepDefinitions.LoginSteps.validateTitle(java.lang.String)&amp#27;[0m
]]></system-out>
  </testcase>
  <testcase name="runScenario[&quot;Verify login page title&quot;, &quot;Login Test&quot;](4)" classname="runners.TestRunner" time="4.608">
    <system-out><![CDATA[
Scenario: Verify login page title              &amp#27;[90m# src/test/resources/features/login.feature:18&amp#27;[0m
  &amp#27;[32mGiven &amp#27;[0m&amp#27;[32muser opens the browser&amp#27;[0m                 &amp#27;[90m# stepDefinitions.LoginSteps.openBrowser()&amp#27;[0m
  &amp#27;[32mWhen &amp#27;[0m&amp#27;[32muser navigates to &amp#27;[0m&amp#27;[32m&amp#27;[1m"https://example.com"&amp#27;[0m &amp#27;[90m# stepDefinitions.LoginSteps.navigateTo(java.lang.String)&amp#27;[0m
  &amp#27;[32mThen &amp#27;[0m&amp#27;[32mpage title should contain &amp#27;[0m&amp#27;[32m&amp#27;[1m"Example"&amp#27;[0m     &amp#27;[90m# stepDefinitions.LoginSteps.validateTitle(java.lang.String)&amp#27;[0m
]]></system-out>
  </testcase>
  <testcase name="runScenario[&quot;Verify login page title&quot;, &quot;Login Test&quot;](5)" classname="runners.TestRunner" time="121.365">
    <system-out><![CDATA[
Scenario: Verify login page title              &amp#27;[90m# src/test/resources/features/login.feature:23&amp#27;[0m
  &amp#27;[32mGiven &amp#27;[0m&amp#27;[32muser opens the browser&amp#27;[0m                 &amp#27;[90m# stepDefinitions.LoginSteps.openBrowser()&amp#27;[0m
  &amp#27;[32mWhen &amp#27;[0m&amp#27;[32muser navigates to &amp#27;[0m&amp#27;[32m&amp#27;[1m"https://example.com"&amp#27;[0m &amp#27;[90m# stepDefinitions.LoginSteps.navigateTo(java.lang.String)&amp#27;[0m
  &amp#27;[32mThen &amp#27;[0m&amp#27;[32mpage title should contain &amp#27;[0m&amp#27;[32m&amp#27;[1m"Example"&amp#27;[0m     &amp#27;[90m# stepDefinitions.LoginSteps.validateTitle(java.lang.String)&amp#27;[0m
]]></system-out>
  </testcase>
</testsuite>