<?xml version="1.0" encoding="UTF-8"?>
<!-- Generated by org.testng.reporters.JUnitReportReporter -->
<testsuite hostname="LAPTOP-RG7EN4UC" failures="0" tests="5" name="runners.TestRunner" time="205.032" errors="1" timestamp="2026-04-06T14:49:15 IST" skipped="0">
  <testcase classname="runners.TestRunner" name="runScenario" time="10.261"/>
  <testcase classname="runners.TestRunner" name="runScenario" time="4.608"/>
  <testcase classname="runners.TestRunner" name="runScenario" time="121.365"/>
  <testcase classname="runners.TestRunner" name="runScenario" time="66.726">
    <error message="Cannot invoke &quot;org.openqa.selenium.WebDriver.get(String)&quot; because &quot;this.driver&quot; is null" type="java.lang.NullPointerException">
      <![CDATA[java.lang.NullPointerException: Cannot invoke "org.openqa.selenium.WebDriver.get(String)" because "this.driver" is null
at stepDefinitions.LoginSteps.navigateTo(LoginSteps.java:20)
at ✽.user navigates to "https://example.com"(file:///C:/Users/RAUNAK/Downloads/Capgemini%20Java/MCP/Extent_report/demo/src/test/resources/features/login.feature:5)
]]>
    </error>
  </testcase> <!-- runScenario -->
  <testcase classname="runners.TestRunner" name="runScenario" time="2.072"/>
</testsuite> <!-- runners.TestRunner -->
